2014-06-22 20:18:38,287 [qtp1337344609-23] [          ] ERROR restx.StdRestxMainRouter - request raised NullPointerException: null
java.lang.NullPointerException: null
	at com.google.common.base.Preconditions.checkNotNull(Preconditions.java:213) ~[guava-17.0.jar:na]
	at com.google.common.base.Optional.of(Optional.java:85) ~[guava-17.0.jar:na]
	at rest.MetierResourceRouter$4.doRoute(MetierResourceRouter.java:140) ~[classes/:na]
	at rest.MetierResourceRouter$4.doRoute(MetierResourceRouter.java:136) ~[classes/:na]
	at restx.entity.StdEntityRoute.handle(StdEntityRoute.java:139) ~[restx-core-0.33.1.jar:na]
	at restx.RestxHandlerMatch.handle(RestxHandlerMatch.java:56) ~[restx-core-0.33.1.jar:na]
	at restx.ResponseCloserFilter.handle(ResponseCloserFilter.java:28) ~[restx-core-0.33.1.jar:na]
	at restx.RestxHandlerMatch.handle(RestxHandlerMatch.java:56) ~[restx-core-0.33.1.jar:na]
	at restx.CacheFilter$1.handle(CacheFilter.java:51) ~[restx-core-0.33.1.jar:na]
	at restx.RestxHandlerMatch.handle(RestxHandlerMatch.java:56) ~[restx-core-0.33.1.jar:na]
	at restx.security.RestxSessionLogFilter.handle(RestxSessionLogFilter.java:43) ~[restx-core-0.33.1.jar:na]
	at restx.RestxHandlerMatch.handle(RestxHandlerMatch.java:56) ~[restx-core-0.33.1.jar:na]
	at restx.security.RestxSessionCookieFilter.handle(RestxSessionCookieFilter.java:99) ~[restx-core-0.33.1.jar:na]
	at restx.RestxHandlerMatch.handle(RestxHandlerMatch.java:56) ~[restx-core-0.33.1.jar:na]
	at restx.stats.RestxStatsCollectionFilter.handle(RestxStatsCollectionFilter.java:39) ~[restx-stats-admin-0.33.1.jar:na]
	at restx.RestxHandlerMatch.handle(RestxHandlerMatch.java:56) ~[restx-core-0.33.1.jar:na]
	at restx.StdRestxMainRouter.route(StdRestxMainRouter.java:152) ~[restx-core-0.33.1.jar:na]
	at restx.RestxMainRouterFactory$PerRequestFactoryLoader.route(RestxMainRouterFactory.java:217) [restx-core-0.33.1.jar:na]
	at restx.RestxMainRouterFactory$RecordingMainRouter.route(RestxMainRouterFactory.java:174) [restx-core-0.33.1.jar:na]
	at restx.RestxMainRouterFactory$CompilationManagerRouter.route(RestxMainRouterFactory.java:326) [restx-core-0.33.1.jar:na]
	at restx.servlet.AbstractRestxMainRouterServlet.service(AbstractRestxMainRouterServlet.java:48) [restx-servlet-0.33.1.jar:na]
	at javax.servlet.http.HttpServlet.service(HttpServlet.java:848) [javax.servlet-3.0.0.v201112011016.jar:na]
	at org.eclipse.jetty.servlet.ServletHolder.handle(ServletHolder.java:669) [jetty-servlet-8.1.8.v20121106.jar:8.1.8.v20121106]
	at org.eclipse.jetty.servlet.ServletHandler.doHandle(ServletHandler.java:455) [jetty-servlet-8.1.8.v20121106.jar:8.1.8.v20121106]
	at org.eclipse.jetty.server.handler.ScopedHandler.handle(ScopedHandler.java:137) [jetty-server-8.1.8.v20121106.jar:8.1.8.v20121106]
	at org.eclipse.jetty.security.SecurityHandler.handle(SecurityHandler.java:536) [jetty-security-8.1.8.v20121106.jar:8.1.8.v20121106]
	at org.eclipse.jetty.server.session.SessionHandler.doHandle(SessionHandler.java:231) [jetty-server-8.1.8.v20121106.jar:8.1.8.v20121106]
	at org.eclipse.jetty.server.handler.ContextHandler.doHandle(ContextHandler.java:1072) [jetty-server-8.1.8.v20121106.jar:8.1.8.v20121106]
	at org.eclipse.jetty.servlet.ServletHandler.doScope(ServletHandler.java:382) [jetty-servlet-8.1.8.v20121106.jar:8.1.8.v20121106]
	at org.eclipse.jetty.server.session.SessionHandler.doScope(SessionHandler.java:193) [jetty-server-8.1.8.v20121106.jar:8.1.8.v20121106]
	at org.eclipse.jetty.server.handler.ContextHandler.doScope(ContextHandler.java:1006) [jetty-server-8.1.8.v20121106.jar:8.1.8.v20121106]
	at org.eclipse.jetty.server.handler.ScopedHandler.handle(ScopedHandler.java:135) [jetty-server-8.1.8.v20121106.jar:8.1.8.v20121106]
	at org.eclipse.jetty.server.handler.HandlerList.handle(HandlerList.java:52) [jetty-server-8.1.8.v20121106.jar:8.1.8.v20121106]
	at org.eclipse.jetty.server.handler.HandlerCollection.handle(HandlerCollection.java:154) [jetty-server-8.1.8.v20121106.jar:8.1.8.v20121106]
	at org.eclipse.jetty.server.handler.HandlerWrapper.handle(HandlerWrapper.java:116) [jetty-server-8.1.8.v20121106.jar:8.1.8.v20121106]
	at org.eclipse.jetty.server.Server.handle(Server.java:365) [jetty-server-8.1.8.v20121106.jar:8.1.8.v20121106]
	at org.eclipse.jetty.server.AbstractHttpConnection.handleRequest(AbstractHttpConnection.java:485) [jetty-server-8.1.8.v20121106.jar:8.1.8.v20121106]
	at org.eclipse.jetty.server.AbstractHttpConnection.headerComplete(AbstractHttpConnection.java:926) [jetty-server-8.1.8.v20121106.jar:8.1.8.v20121106]
	at org.eclipse.jetty.server.AbstractHttpConnection$RequestHandler.headerComplete(AbstractHttpConnection.java:988) [jetty-server-8.1.8.v20121106.jar:8.1.8.v20121106]
	at org.eclipse.jetty.http.HttpParser.parseNext(HttpParser.java:635) [jetty-http-8.1.8.v20121106.jar:8.1.8.v20121106]
	at org.eclipse.jetty.http.HttpParser.parseAvailable(HttpParser.java:235) [jetty-http-8.1.8.v20121106.jar:8.1.8.v20121106]
	at org.eclipse.jetty.server.AsyncHttpConnection.handle(AsyncHttpConnection.java:82) [jetty-server-8.1.8.v20121106.jar:8.1.8.v20121106]
	at org.eclipse.jetty.io.nio.SelectChannelEndPoint.handle(SelectChannelEndPoint.java:628) [jetty-io-8.1.8.v20121106.jar:8.1.8.v20121106]
	at org.eclipse.jetty.io.nio.SelectChannelEndPoint$1.run(SelectChannelEndPoint.java:52) [jetty-io-8.1.8.v20121106.jar:8.1.8.v20121106]
	at org.eclipse.jetty.util.thread.QueuedThreadPool.runJob(QueuedThreadPool.java:608) [jetty-util-8.1.8.v20121106.jar:8.1.8.v20121106]
	at org.eclipse.jetty.util.thread.QueuedThreadPool$3.run(QueuedThreadPool.java:543) [jetty-util-8.1.8.v20121106.jar:8.1.8.v20121106]
	at java.lang.Thread.run(Thread.java:745) [na:1.8.0_05]
2014-06-22 20:20:59,396 [qtp1337344609-22] [          ] ERROR restx.StdRestxMainRouter - request raised NullPointerException: null
java.lang.NullPointerException: null
	at com.google.common.base.Preconditions.checkNotNull(Preconditions.java:213) ~[guava-17.0.jar:na]
	at com.google.common.base.Optional.of(Optional.java:85) ~[guava-17.0.jar:na]
	at rest.MetierResourceRouter$4.doRoute(MetierResourceRouter.java:140) ~[classes/:na]
	at rest.MetierResourceRouter$4.doRoute(MetierResourceRouter.java:136) ~[classes/:na]
	at restx.entity.StdEntityRoute.handle(StdEntityRoute.java:139) ~[restx-core-0.33.1.jar:na]
	at restx.RestxHandlerMatch.handle(RestxHandlerMatch.java:56) ~[restx-core-0.33.1.jar:na]
	at restx.ResponseCloserFilter.handle(ResponseCloserFilter.java:28) ~[restx-core-0.33.1.jar:na]
	at restx.RestxHandlerMatch.handle(RestxHandlerMatch.java:56) ~[restx-core-0.33.1.jar:na]
	at restx.CacheFilter$1.handle(CacheFilter.java:51) ~[restx-core-0.33.1.jar:na]
	at restx.RestxHandlerMatch.handle(RestxHandlerMatch.java:56) ~[restx-core-0.33.1.jar:na]
	at restx.security.RestxSessionLogFilter.handle(RestxSessionLogFilter.java:43) ~[restx-core-0.33.1.jar:na]
	at restx.RestxHandlerMatch.handle(RestxHandlerMatch.java:56) ~[restx-core-0.33.1.jar:na]
	at restx.security.RestxSessionCookieFilter.handle(RestxSessionCookieFilter.java:99) ~[restx-core-0.33.1.jar:na]
	at restx.RestxHandlerMatch.handle(RestxHandlerMatch.java:56) ~[restx-core-0.33.1.jar:na]
	at restx.stats.RestxStatsCollectionFilter.handle(RestxStatsCollectionFilter.java:39) ~[restx-stats-admin-0.33.1.jar:na]
	at restx.RestxHandlerMatch.handle(RestxHandlerMatch.java:56) ~[restx-core-0.33.1.jar:na]
	at restx.StdRestxMainRouter.route(StdRestxMainRouter.java:152) ~[restx-core-0.33.1.jar:na]
	at restx.RestxMainRouterFactory$PerRequestFactoryLoader.route(RestxMainRouterFactory.java:217) [restx-core-0.33.1.jar:na]
	at restx.RestxMainRouterFactory$RecordingMainRouter.route(RestxMainRouterFactory.java:174) [restx-core-0.33.1.jar:na]
	at restx.RestxMainRouterFactory$CompilationManagerRouter.route(RestxMainRouterFactory.java:326) [restx-core-0.33.1.jar:na]
	at restx.servlet.AbstractRestxMainRouterServlet.service(AbstractRestxMainRouterServlet.java:48) [restx-servlet-0.33.1.jar:na]
	at javax.servlet.http.HttpServlet.service(HttpServlet.java:848) [javax.servlet-3.0.0.v201112011016.jar:na]
	at org.eclipse.jetty.servlet.ServletHolder.handle(ServletHolder.java:669) [jetty-servlet-8.1.8.v20121106.jar:8.1.8.v20121106]
	at org.eclipse.jetty.servlet.ServletHandler.doHandle(ServletHandler.java:455) [jetty-servlet-8.1.8.v20121106.jar:8.1.8.v20121106]
	at org.eclipse.jetty.server.handler.ScopedHandler.handle(ScopedHandler.java:137) [jetty-server-8.1.8.v20121106.jar:8.1.8.v20121106]
	at org.eclipse.jetty.security.SecurityHandler.handle(SecurityHandler.java:536) [jetty-security-8.1.8.v20121106.jar:8.1.8.v20121106]
	at org.eclipse.jetty.server.session.SessionHandler.doHandle(SessionHandler.java:231) [jetty-server-8.1.8.v20121106.jar:8.1.8.v20121106]
	at org.eclipse.jetty.server.handler.ContextHandler.doHandle(ContextHandler.java:1072) [jetty-server-8.1.8.v20121106.jar:8.1.8.v20121106]
	at org.eclipse.jetty.servlet.ServletHandler.doScope(ServletHandler.java:382) [jetty-servlet-8.1.8.v20121106.jar:8.1.8.v20121106]
	at org.eclipse.jetty.server.session.SessionHandler.doScope(SessionHandler.java:193) [jetty-server-8.1.8.v20121106.jar:8.1.8.v20121106]
	at org.eclipse.jetty.server.handler.ContextHandler.doScope(ContextHandler.java:1006) [jetty-server-8.1.8.v20121106.jar:8.1.8.v20121106]
	at org.eclipse.jetty.server.handler.ScopedHandler.handle(ScopedHandler.java:135) [jetty-server-8.1.8.v20121106.jar:8.1.8.v20121106]
	at org.eclipse.jetty.server.handler.HandlerList.handle(HandlerList.java:52) [jetty-server-8.1.8.v20121106.jar:8.1.8.v20121106]
	at org.eclipse.jetty.server.handler.HandlerCollection.handle(HandlerCollection.java:154) [jetty-server-8.1.8.v20121106.jar:8.1.8.v20121106]
	at org.eclipse.jetty.server.handler.HandlerWrapper.handle(HandlerWrapper.java:116) [jetty-server-8.1.8.v20121106.jar:8.1.8.v20121106]
	at org.eclipse.jetty.server.Server.handle(Server.java:365) [jetty-server-8.1.8.v20121106.jar:8.1.8.v20121106]
	at org.eclipse.jetty.server.AbstractHttpConnection.handleRequest(AbstractHttpConnection.java:485) [jetty-server-8.1.8.v20121106.jar:8.1.8.v20121106]
	at org.eclipse.jetty.server.AbstractHttpConnection.headerComplete(AbstractHttpConnection.java:926) [jetty-server-8.1.8.v20121106.jar:8.1.8.v20121106]
	at org.eclipse.jetty.server.AbstractHttpConnection$RequestHandler.headerComplete(AbstractHttpConnection.java:988) [jetty-server-8.1.8.v20121106.jar:8.1.8.v20121106]
	at org.eclipse.jetty.http.HttpParser.parseNext(HttpParser.java:635) [jetty-http-8.1.8.v20121106.jar:8.1.8.v20121106]
	at org.eclipse.jetty.http.HttpParser.parseAvailable(HttpParser.java:235) [jetty-http-8.1.8.v20121106.jar:8.1.8.v20121106]
	at org.eclipse.jetty.server.AsyncHttpConnection.handle(AsyncHttpConnection.java:82) [jetty-server-8.1.8.v20121106.jar:8.1.8.v20121106]
	at org.eclipse.jetty.io.nio.SelectChannelEndPoint.handle(SelectChannelEndPoint.java:628) [jetty-io-8.1.8.v20121106.jar:8.1.8.v20121106]
	at org.eclipse.jetty.io.nio.SelectChannelEndPoint$1.run(SelectChannelEndPoint.java:52) [jetty-io-8.1.8.v20121106.jar:8.1.8.v20121106]
	at org.eclipse.jetty.util.thread.QueuedThreadPool.runJob(QueuedThreadPool.java:608) [jetty-util-8.1.8.v20121106.jar:8.1.8.v20121106]
	at org.eclipse.jetty.util.thread.QueuedThreadPool$3.run(QueuedThreadPool.java:543) [jetty-util-8.1.8.v20121106.jar:8.1.8.v20121106]
	at java.lang.Thread.run(Thread.java:745) [na:1.8.0_05]
2014-06-22 20:21:53,692 [qtp1337344609-28] [admin     ] ERROR restx.StdRestxMainRouter - request raised NullPointerException: null
java.lang.NullPointerException: null
	at com.google.common.base.Preconditions.checkNotNull(Preconditions.java:213) ~[guava-17.0.jar:na]
	at com.google.common.base.Optional.of(Optional.java:85) ~[guava-17.0.jar:na]
	at rest.MetierResourceRouter$4.doRoute(MetierResourceRouter.java:140) ~[classes/:na]
	at rest.MetierResourceRouter$4.doRoute(MetierResourceRouter.java:136) ~[classes/:na]
	at restx.entity.StdEntityRoute.handle(StdEntityRoute.java:139) ~[restx-core-0.33.1.jar:na]
	at restx.RestxHandlerMatch.handle(RestxHandlerMatch.java:56) ~[restx-core-0.33.1.jar:na]
	at restx.ResponseCloserFilter.handle(ResponseCloserFilter.java:28) ~[restx-core-0.33.1.jar:na]
	at restx.RestxHandlerMatch.handle(RestxHandlerMatch.java:56) ~[restx-core-0.33.1.jar:na]
	at restx.CacheFilter$1.handle(CacheFilter.java:51) ~[restx-core-0.33.1.jar:na]
	at restx.RestxHandlerMatch.handle(RestxHandlerMatch.java:56) ~[restx-core-0.33.1.jar:na]
	at restx.security.RestxSessionLogFilter.handle(RestxSessionLogFilter.java:43) ~[restx-core-0.33.1.jar:na]
	at restx.RestxHandlerMatch.handle(RestxHandlerMatch.java:56) ~[restx-core-0.33.1.jar:na]
	at restx.security.RestxSessionCookieFilter.handle(RestxSessionCookieFilter.java:99) ~[restx-core-0.33.1.jar:na]
	at restx.RestxHandlerMatch.handle(RestxHandlerMatch.java:56) ~[restx-core-0.33.1.jar:na]
	at restx.stats.RestxStatsCollectionFilter.handle(RestxStatsCollectionFilter.java:39) ~[restx-stats-admin-0.33.1.jar:na]
	at restx.RestxHandlerMatch.handle(RestxHandlerMatch.java:56) ~[restx-core-0.33.1.jar:na]
	at restx.StdRestxMainRouter.route(StdRestxMainRouter.java:152) ~[restx-core-0.33.1.jar:na]
	at restx.RestxMainRouterFactory$PerRequestFactoryLoader.route(RestxMainRouterFactory.java:217) [restx-core-0.33.1.jar:na]
	at restx.RestxMainRouterFactory$RecordingMainRouter.route(RestxMainRouterFactory.java:174) [restx-core-0.33.1.jar:na]
	at restx.RestxMainRouterFactory$CompilationManagerRouter.route(RestxMainRouterFactory.java:326) [restx-core-0.33.1.jar:na]
	at restx.servlet.AbstractRestxMainRouterServlet.service(AbstractRestxMainRouterServlet.java:48) [restx-servlet-0.33.1.jar:na]
	at javax.servlet.http.HttpServlet.service(HttpServlet.java:848) [javax.servlet-3.0.0.v201112011016.jar:na]
	at org.eclipse.jetty.servlet.ServletHolder.handle(ServletHolder.java:669) [jetty-servlet-8.1.8.v20121106.jar:8.1.8.v20121106]
	at org.eclipse.jetty.servlet.ServletHandler.doHandle(ServletHandler.java:455) [jetty-servlet-8.1.8.v20121106.jar:8.1.8.v20121106]
	at org.eclipse.jetty.server.handler.ScopedHandler.handle(ScopedHandler.java:137) [jetty-server-8.1.8.v20121106.jar:8.1.8.v20121106]
	at org.eclipse.jetty.security.SecurityHandler.handle(SecurityHandler.java:536) [jetty-security-8.1.8.v20121106.jar:8.1.8.v20121106]
	at org.eclipse.jetty.server.session.SessionHandler.doHandle(SessionHandler.java:231) [jetty-server-8.1.8.v20121106.jar:8.1.8.v20121106]
	at org.eclipse.jetty.server.handler.ContextHandler.doHandle(ContextHandler.java:1072) [jetty-server-8.1.8.v20121106.jar:8.1.8.v20121106]
	at org.eclipse.jetty.servlet.ServletHandler.doScope(ServletHandler.java:382) [jetty-servlet-8.1.8.v20121106.jar:8.1.8.v20121106]
	at org.eclipse.jetty.server.session.SessionHandler.doScope(SessionHandler.java:193) [jetty-server-8.1.8.v20121106.jar:8.1.8.v20121106]
	at org.eclipse.jetty.server.handler.ContextHandler.doScope(ContextHandler.java:1006) [jetty-server-8.1.8.v20121106.jar:8.1.8.v20121106]
	at org.eclipse.jetty.server.handler.ScopedHandler.handle(ScopedHandler.java:135) [jetty-server-8.1.8.v20121106.jar:8.1.8.v20121106]
	at org.eclipse.jetty.server.handler.HandlerList.handle(HandlerList.java:52) [jetty-server-8.1.8.v20121106.jar:8.1.8.v20121106]
	at org.eclipse.jetty.server.handler.HandlerCollection.handle(HandlerCollection.java:154) [jetty-server-8.1.8.v20121106.jar:8.1.8.v20121106]
	at org.eclipse.jetty.server.handler.HandlerWrapper.handle(HandlerWrapper.java:116) [jetty-server-8.1.8.v20121106.jar:8.1.8.v20121106]
	at org.eclipse.jetty.server.Server.handle(Server.java:365) [jetty-server-8.1.8.v20121106.jar:8.1.8.v20121106]
	at org.eclipse.jetty.server.AbstractHttpConnection.handleRequest(AbstractHttpConnection.java:485) [jetty-server-8.1.8.v20121106.jar:8.1.8.v20121106]
	at org.eclipse.jetty.server.AbstractHttpConnection.headerComplete(AbstractHttpConnection.java:926) [jetty-server-8.1.8.v20121106.jar:8.1.8.v20121106]
	at org.eclipse.jetty.server.AbstractHttpConnection$RequestHandler.headerComplete(AbstractHttpConnection.java:988) [jetty-server-8.1.8.v20121106.jar:8.1.8.v20121106]
	at org.eclipse.jetty.http.HttpParser.parseNext(HttpParser.java:635) [jetty-http-8.1.8.v20121106.jar:8.1.8.v20121106]
	at org.eclipse.jetty.http.HttpParser.parseAvailable(HttpParser.java:235) [jetty-http-8.1.8.v20121106.jar:8.1.8.v20121106]
	at org.eclipse.jetty.server.AsyncHttpConnection.handle(AsyncHttpConnection.java:82) [jetty-server-8.1.8.v20121106.jar:8.1.8.v20121106]
	at org.eclipse.jetty.io.nio.SelectChannelEndPoint.handle(SelectChannelEndPoint.java:628) [jetty-io-8.1.8.v20121106.jar:8.1.8.v20121106]
	at org.eclipse.jetty.io.nio.SelectChannelEndPoint$1.run(SelectChannelEndPoint.java:52) [jetty-io-8.1.8.v20121106.jar:8.1.8.v20121106]
	at org.eclipse.jetty.util.thread.QueuedThreadPool.runJob(QueuedThreadPool.java:608) [jetty-util-8.1.8.v20121106.jar:8.1.8.v20121106]
	at org.eclipse.jetty.util.thread.QueuedThreadPool$3.run(QueuedThreadPool.java:543) [jetty-util-8.1.8.v20121106.jar:8.1.8.v20121106]
	at java.lang.Thread.run(Thread.java:745) [na:1.8.0_05]
2014-06-22 20:27:38,370 [qtp1337344609-30] [admin     ] ERROR restx.StdRestxMainRouter - request raised NullPointerException: null
java.lang.NullPointerException: null
	at com.google.common.base.Preconditions.checkNotNull(Preconditions.java:213) ~[guava-17.0.jar:na]
	at com.google.common.base.Optional.of(Optional.java:85) ~[guava-17.0.jar:na]
	at rest.MetierResourceRouter$4.doRoute(MetierResourceRouter.java:140) ~[classes/:na]
	at rest.MetierResourceRouter$4.doRoute(MetierResourceRouter.java:136) ~[classes/:na]
	at restx.entity.StdEntityRoute.handle(StdEntityRoute.java:139) ~[restx-core-0.33.1.jar:na]
	at restx.RestxHandlerMatch.handle(RestxHandlerMatch.java:56) ~[restx-core-0.33.1.jar:na]
	at restx.ResponseCloserFilter.handle(ResponseCloserFilter.java:28) ~[restx-core-0.33.1.jar:na]
	at restx.RestxHandlerMatch.handle(RestxHandlerMatch.java:56) ~[restx-core-0.33.1.jar:na]
	at restx.CacheFilter$1.handle(CacheFilter.java:51) ~[restx-core-0.33.1.jar:na]
	at restx.RestxHandlerMatch.handle(RestxHandlerMatch.java:56) ~[restx-core-0.33.1.jar:na]
	at restx.security.RestxSessionLogFilter.handle(RestxSessionLogFilter.java:43) ~[restx-core-0.33.1.jar:na]
	at restx.RestxHandlerMatch.handle(RestxHandlerMatch.java:56) ~[restx-core-0.33.1.jar:na]
	at restx.security.RestxSessionCookieFilter.handle(RestxSessionCookieFilter.java:99) ~[restx-core-0.33.1.jar:na]
	at restx.RestxHandlerMatch.handle(RestxHandlerMatch.java:56) ~[restx-core-0.33.1.jar:na]
	at restx.stats.RestxStatsCollectionFilter.handle(RestxStatsCollectionFilter.java:39) ~[restx-stats-admin-0.33.1.jar:na]
	at restx.RestxHandlerMatch.handle(RestxHandlerMatch.java:56) ~[restx-core-0.33.1.jar:na]
	at restx.StdRestxMainRouter.route(StdRestxMainRouter.java:152) ~[restx-core-0.33.1.jar:na]
	at restx.RestxMainRouterFactory$PerRequestFactoryLoader.route(RestxMainRouterFactory.java:217) [restx-core-0.33.1.jar:na]
	at restx.RestxMainRouterFactory$RecordingMainRouter.route(RestxMainRouterFactory.java:174) [restx-core-0.33.1.jar:na]
	at restx.RestxMainRouterFactory$CompilationManagerRouter.route(RestxMainRouterFactory.java:326) [restx-core-0.33.1.jar:na]
	at restx.servlet.AbstractRestxMainRouterServlet.service(AbstractRestxMainRouterServlet.java:48) [restx-servlet-0.33.1.jar:na]
	at javax.servlet.http.HttpServlet.service(HttpServlet.java:848) [javax.servlet-3.0.0.v201112011016.jar:na]
	at org.eclipse.jetty.servlet.ServletHolder.handle(ServletHolder.java:669) [jetty-servlet-8.1.8.v20121106.jar:8.1.8.v20121106]
	at org.eclipse.jetty.servlet.ServletHandler.doHandle(ServletHandler.java:455) [jetty-servlet-8.1.8.v20121106.jar:8.1.8.v20121106]
	at org.eclipse.jetty.server.handler.ScopedHandler.handle(ScopedHandler.java:137) [jetty-server-8.1.8.v20121106.jar:8.1.8.v20121106]
	at org.eclipse.jetty.security.SecurityHandler.handle(SecurityHandler.java:536) [jetty-security-8.1.8.v20121106.jar:8.1.8.v20121106]
	at org.eclipse.jetty.server.session.SessionHandler.doHandle(SessionHandler.java:231) [jetty-server-8.1.8.v20121106.jar:8.1.8.v20121106]
	at org.eclipse.jetty.server.handler.ContextHandler.doHandle(ContextHandler.java:1072) [jetty-server-8.1.8.v20121106.jar:8.1.8.v20121106]
	at org.eclipse.jetty.servlet.ServletHandler.doScope(ServletHandler.java:382) [jetty-servlet-8.1.8.v20121106.jar:8.1.8.v20121106]
	at org.eclipse.jetty.server.session.SessionHandler.doScope(SessionHandler.java:193) [jetty-server-8.1.8.v20121106.jar:8.1.8.v20121106]
	at org.eclipse.jetty.server.handler.ContextHandler.doScope(ContextHandler.java:1006) [jetty-server-8.1.8.v20121106.jar:8.1.8.v20121106]
	at org.eclipse.jetty.server.handler.ScopedHandler.handle(ScopedHandler.java:135) [jetty-server-8.1.8.v20121106.jar:8.1.8.v20121106]
	at org.eclipse.jetty.server.handler.HandlerList.handle(HandlerList.java:52) [jetty-server-8.1.8.v20121106.jar:8.1.8.v20121106]
	at org.eclipse.jetty.server.handler.HandlerCollection.handle(HandlerCollection.java:154) [jetty-server-8.1.8.v20121106.jar:8.1.8.v20121106]
	at org.eclipse.jetty.server.handler.HandlerWrapper.handle(HandlerWrapper.java:116) [jetty-server-8.1.8.v20121106.jar:8.1.8.v20121106]
	at org.eclipse.jetty.server.Server.handle(Server.java:365) [jetty-server-8.1.8.v20121106.jar:8.1.8.v20121106]
	at org.eclipse.jetty.server.AbstractHttpConnection.handleRequest(AbstractHttpConnection.java:485) [jetty-server-8.1.8.v20121106.jar:8.1.8.v20121106]
	at org.eclipse.jetty.server.AbstractHttpConnection.headerComplete(AbstractHttpConnection.java:926) [jetty-server-8.1.8.v20121106.jar:8.1.8.v20121106]
	at org.eclipse.jetty.server.AbstractHttpConnection$RequestHandler.headerComplete(AbstractHttpConnection.java:988) [jetty-server-8.1.8.v20121106.jar:8.1.8.v20121106]
	at org.eclipse.jetty.http.HttpParser.parseNext(HttpParser.java:635) [jetty-http-8.1.8.v20121106.jar:8.1.8.v20121106]
	at org.eclipse.jetty.http.HttpParser.parseAvailable(HttpParser.java:235) [jetty-http-8.1.8.v20121106.jar:8.1.8.v20121106]
	at org.eclipse.jetty.server.AsyncHttpConnection.handle(AsyncHttpConnection.java:82) [jetty-server-8.1.8.v20121106.jar:8.1.8.v20121106]
	at org.eclipse.jetty.io.nio.SelectChannelEndPoint.handle(SelectChannelEndPoint.java:628) [jetty-io-8.1.8.v20121106.jar:8.1.8.v20121106]
	at org.eclipse.jetty.io.nio.SelectChannelEndPoint$1.run(SelectChannelEndPoint.java:52) [jetty-io-8.1.8.v20121106.jar:8.1.8.v20121106]
	at org.eclipse.jetty.util.thread.QueuedThreadPool.runJob(QueuedThreadPool.java:608) [jetty-util-8.1.8.v20121106.jar:8.1.8.v20121106]
	at org.eclipse.jetty.util.thread.QueuedThreadPool$3.run(QueuedThreadPool.java:543) [jetty-util-8.1.8.v20121106.jar:8.1.8.v20121106]
	at java.lang.Thread.run(Thread.java:745) [na:1.8.0_05]
